<?xml version="1.0" encoding="UTF-8"?>
<testsuite name="rspec" tests="4" skipped="0" failures="0" errors="0" time="0.003769" timestamp="2024-12-18T21:03:34+00:00" hostname="gabe-linux">
<properties>
<property name="seed" value="52854"/>
</properties>
<testcase classname="test.test_parse_and_validate_spec" name="should be able to env_parse" file="./test/test_parse_and_validate_spec.rb" time="0.000669"></testcase>
<testcase classname="test.test_parse_and_validate_spec" name="should be able to make a new CIInfo" file="./test/test_parse_and_validate_spec.rb" time="0.000109"></testcase>
<testcase classname="test.test_parse_and_validate_spec" name="should error on invalid CIInfo" file="./test/test_parse_and_validate_spec.rb" time="0.001076"></testcase>
<testcase classname="test.test_parse_and_validate_spec" name="test_report should be able to create a new TestReport" file="./test/test_parse_and_validate_spec.rb" time="0.000123"></testcase>
</testsuite>
