<?xml version="1.0" encoding="UTF-8"?>
<testsuites tests="1" failures="1" disabled="0" errors="0" time="0.001" name="AllTests">
  <testsuite name="HelloTest" tests="1" failures="1" disabled="0" skipped="0" errors="0" time="0.001" timestamp="2024-12-10T01:00:00.000">
    <testcase name="Hello" file="trunk/hello_world/cc/hello_test.cc" line="9" status="run" result="completed" time="0.001" classname="HelloTest">
      <failure message="Failure at 1:00"/>
    </testcase>
  </testsuite>
</testsuites>
