<?xml version="1.0" encoding="UTF-8"?>
<testsuites name="xcresult" tests="52" failures="25" errors="0" time="225.926">
    <testsuite name="AtomicBoyTests.xctest" tests="2" disabled="0" errors="0" failures="1" time="0.288" id="trunk:test://com.apple.xcode/AtomicBoy/AtomicBoyTests/AtomicBoyTests.xctest">
        <testcase name="testExample" classname="AtomicBoyTests" time="0.019" id="trunk:test://com.apple.xcode/AtomicBoy/AtomicBoyTests/AtomicBoyTests/testExample">
            <failure/>
        </testcase>
        <testcase name="testPerformanceExample" classname="AtomicBoyTests" time="0.266" id="trunk:test://com.apple.xcode/AtomicBoy/AtomicBoyTests/AtomicBoyTests/testPerformanceExample">
        </testcase>
    </testsuite>
    <testsuite name="AtomicBoyUITests.xctest" tests="50" disabled="0" errors="0" failures="24" time="218.000" id="trunk:test://com.apple.xcode/AtomicBoy/AtomicBoyUITests/AtomicBoyUITests.xctest">
        <testcase name="testExample" classname="AtomicBoyUITests" time="3.311" id="trunk:test://com.apple.xcode/AtomicBoy/AtomicBoyUITests/AtomicBoyUITests/testExample">
            <failure/>
        </testcase>
        <testcase name="testExample10" classname="AtomicBoyUITests" time="4.465" id="trunk:test://com.apple.xcode/AtomicBoy/AtomicBoyUITests/AtomicBoyUITests/testExample10">
        </testcase>
        <testcase name="testExample11" classname="AtomicBoyUITests" time="4.390" id="trunk:test://com.apple.xcode/AtomicBoy/AtomicBoyUITests/AtomicBoyUITests/testExample11">
            <failure/>
        </testcase>
        <testcase name="testExample12" classname="AtomicBoyUITests" time="4.663" id="trunk:test://com.apple.xcode/AtomicBoy/AtomicBoyUITests/AtomicBoyUITests/testExample12">
            <failure/>
        </testcase>
        <testcase name="testExample13" classname="AtomicBoyUITests" time="4.970" id="trunk:test://com.apple.xcode/AtomicBoy/AtomicBoyUITests/AtomicBoyUITests/testExample13">
            <failure/>
        </testcase>
        <testcase name="testExample14" classname="AtomicBoyUITests" time="4.196" id="trunk:test://com.apple.xcode/AtomicBoy/AtomicBoyUITests/AtomicBoyUITests/testExample14">
            <failure/>
        </testcase>
        <testcase name="testExample15" classname="AtomicBoyUITests" time="4.396" id="trunk:test://com.apple.xcode/AtomicBoy/AtomicBoyUITests/AtomicBoyUITests/testExample15">
            <failure/>
        </testcase>
        <testcase name="testExample16" classname="AtomicBoyUITests" time="4.358" id="trunk:test://com.apple.xcode/AtomicBoy/AtomicBoyUITests/AtomicBoyUITests/testExample16">
            <failure/>
        </testcase>
        <testcase name="testExample17" classname="AtomicBoyUITests" time="4.671" id="trunk:test://com.apple.xcode/AtomicBoy/AtomicBoyUITests/AtomicBoyUITests/testExample17">
        </testcase>
        <testcase name="testExample18" classname="AtomicBoyUITests" time="4.432" id="trunk:test://com.apple.xcode/AtomicBoy/AtomicBoyUITests/AtomicBoyUITests/testExample18">
        </testcase>
        <testcase name="testExample19" classname="AtomicBoyUITests" time="4.634" id="trunk:test://com.apple.xcode/AtomicBoy/AtomicBoyUITests/AtomicBoyUITests/testExample19">
            <failure/>
        </testcase>
        <testcase name="testExample2" classname="AtomicBoyUITests" time="4.899" id="trunk:test://com.apple.xcode/AtomicBoy/AtomicBoyUITests/AtomicBoyUITests/testExample2">
            <failure/>
        </testcase>
        <testcase name="testExample20" classname="AtomicBoyUITests" time="5.088" id="trunk:test://com.apple.xcode/AtomicBoy/AtomicBoyUITests/AtomicBoyUITests/testExample20">
        </testcase>
        <testcase name="testExample21" classname="AtomicBoyUITests" time="4.507" id="trunk:test://com.apple.xcode/AtomicBoy/AtomicBoyUITests/AtomicBoyUITests/testExample21">
            <failure/>
        </testcase>
        <testcase name="testExample22" classname="AtomicBoyUITests" time="4.250" id="trunk:test://com.apple.xcode/AtomicBoy/AtomicBoyUITests/AtomicBoyUITests/testExample22">
            <failure/>
        </testcase>
        <testcase name="testExample23" classname="AtomicBoyUITests" time="4.287" id="trunk:test://com.apple.xcode/AtomicBoy/AtomicBoyUITests/AtomicBoyUITests/testExample23">
            <failure/>
        </testcase>
        <testcase name="testExample24" classname="AtomicBoyUITests" time="4.515" id="trunk:test://com.apple.xcode/AtomicBoy/AtomicBoyUITests/AtomicBoyUITests/testExample24">
            <failure/>
        </testcase>
        <testcase name="testExample25" classname="AtomicBoyUITests" time="4.380" id="trunk:test://com.apple.xcode/AtomicBoy/AtomicBoyUITests/AtomicBoyUITests/testExample25">
        </testcase>
        <testcase name="testExample26" classname="AtomicBoyUITests" time="4.389" id="trunk:test://com.apple.xcode/AtomicBoy/AtomicBoyUITests/AtomicBoyUITests/testExample26">
        </testcase>
        <testcase name="testExample27" classname="AtomicBoyUITests" time="4.528" id="trunk:test://com.apple.xcode/AtomicBoy/AtomicBoyUITests/AtomicBoyUITests/testExample27">
            <failure/>
        </testcase>
        <testcase name="testExample28" classname="AtomicBoyUITests" time="4.280" id="trunk:test://com.apple.xcode/AtomicBoy/AtomicBoyUITests/AtomicBoyUITests/testExample28">
            <failure/>
        </testcase>
        <testcase name="testExample29" classname="AtomicBoyUITests" time="5.109" id="trunk:test://com.apple.xcode/AtomicBoy/AtomicBoyUITests/AtomicBoyUITests/testExample29">
            <failure/>
        </testcase>
        <testcase name="testExample3" classname="AtomicBoyUITests" time="4.605" id="trunk:test://com.apple.xcode/AtomicBoy/AtomicBoyUITests/AtomicBoyUITests/testExample3">
        </testcase>
        <testcase name="testExample30" classname="AtomicBoyUITests" time="4.830" id="trunk:test://com.apple.xcode/AtomicBoy/AtomicBoyUITests/AtomicBoyUITests/testExample30">
            <failure/>
        </testcase>
        <testcase name="testExample31" classname="AtomicBoyUITests" time="4.042" id="trunk:test://com.apple.xcode/AtomicBoy/AtomicBoyUITests/AtomicBoyUITests/testExample31">
        </testcase>
        <testcase name="testExample32" classname="AtomicBoyUITests" time="4.020" id="trunk:test://com.apple.xcode/AtomicBoy/AtomicBoyUITests/AtomicBoyUITests/testExample32">
        </testcase>
        <testcase name="testExample33" classname="AtomicBoyUITests" time="4.043" id="trunk:test://com.apple.xcode/AtomicBoy/AtomicBoyUITests/AtomicBoyUITests/testExample33">
        </testcase>
        <testcase name="testExample34" classname="AtomicBoyUITests" time="4.046" id="trunk:test://com.apple.xcode/AtomicBoy/AtomicBoyUITests/AtomicBoyUITests/testExample34">
        </testcase>
        <testcase name="testExample35" classname="AtomicBoyUITests" time="4.242" id="trunk:test://com.apple.xcode/AtomicBoy/AtomicBoyUITests/AtomicBoyUITests/testExample35">
            <failure/>
        </testcase>
        <testcase name="testExample36" classname="AtomicBoyUITests" time="4.155" id="trunk:test://com.apple.xcode/AtomicBoy/AtomicBoyUITests/AtomicBoyUITests/testExample36">
        </testcase>
        <testcase name="testExample37" classname="AtomicBoyUITests" time="5.152" id="trunk:test://com.apple.xcode/AtomicBoy/AtomicBoyUITests/AtomicBoyUITests/testExample37">
            <failure/>
        </testcase>
        <testcase name="testExample38" classname="AtomicBoyUITests" time="4.510" id="trunk:test://com.apple.xcode/AtomicBoy/AtomicBoyUITests/AtomicBoyUITests/testExample38">
            <failure/>
        </testcase>
        <testcase name="testExample39" classname="AtomicBoyUITests" time="4.334" id="trunk:test://com.apple.xcode/AtomicBoy/AtomicBoyUITests/AtomicBoyUITests/testExample39">
        </testcase>
        <testcase name="testExample4" classname="AtomicBoyUITests" time="4.353" id="trunk:test://com.apple.xcode/AtomicBoy/AtomicBoyUITests/AtomicBoyUITests/testExample4">
        </testcase>
        <testcase name="testExample40" classname="AtomicBoyUITests" time="4.338" id="trunk:test://com.apple.xcode/AtomicBoy/AtomicBoyUITests/AtomicBoyUITests/testExample40">
            <failure/>
        </testcase>
        <testcase name="testExample41" classname="AtomicBoyUITests" time="4.431" id="trunk:test://com.apple.xcode/AtomicBoy/AtomicBoyUITests/AtomicBoyUITests/testExample41">
        </testcase>
        <testcase name="testExample42" classname="AtomicBoyUITests" time="4.823" id="trunk:test://com.apple.xcode/AtomicBoy/AtomicBoyUITests/AtomicBoyUITests/testExample42">
        </testcase>
        <testcase name="testExample43" classname="AtomicBoyUITests" time="4.258" id="trunk:test://com.apple.xcode/AtomicBoy/AtomicBoyUITests/AtomicBoyUITests/testExample43">
        </testcase>
        <testcase name="testExample44" classname="AtomicBoyUITests" time="4.652" id="trunk:test://com.apple.xcode/AtomicBoy/AtomicBoyUITests/AtomicBoyUITests/testExample44">
        </testcase>
        <testcase name="testExample45" classname="AtomicBoyUITests" time="4.122" id="trunk:test://com.apple.xcode/AtomicBoy/AtomicBoyUITests/AtomicBoyUITests/testExample45">
        </testcase>
        <testcase name="testExample46" classname="AtomicBoyUITests" time="4.313" id="trunk:test://com.apple.xcode/AtomicBoy/AtomicBoyUITests/AtomicBoyUITests/testExample46">
        </testcase>
        <testcase name="testExample47" classname="AtomicBoyUITests" time="4.302" id="trunk:test://com.apple.xcode/AtomicBoy/AtomicBoyUITests/AtomicBoyUITests/testExample47">
        </testcase>
        <testcase name="testExample48" classname="AtomicBoyUITests" time="5.178" id="trunk:test://com.apple.xcode/AtomicBoy/AtomicBoyUITests/AtomicBoyUITests/testExample48">
            <failure/>
        </testcase>
        <testcase name="testExample5" classname="AtomicBoyUITests" time="4.381" id="trunk:test://com.apple.xcode/AtomicBoy/AtomicBoyUITests/AtomicBoyUITests/testExample5">
            <failure/>
        </testcase>
        <testcase name="testExample6" classname="AtomicBoyUITests" time="4.420" id="trunk:test://com.apple.xcode/AtomicBoy/AtomicBoyUITests/AtomicBoyUITests/testExample6">
        </testcase>
        <testcase name="testExample7" classname="AtomicBoyUITests" time="4.383" id="trunk:test://com.apple.xcode/AtomicBoy/AtomicBoyUITests/AtomicBoyUITests/testExample7">
        </testcase>
        <testcase name="testExample8" classname="AtomicBoyUITests" time="4.263" id="trunk:test://com.apple.xcode/AtomicBoy/AtomicBoyUITests/AtomicBoyUITests/testExample8">
        </testcase>
        <testcase name="testExample9" classname="AtomicBoyUITests" time="4.616" id="trunk:test://com.apple.xcode/AtomicBoy/AtomicBoyUITests/AtomicBoyUITests/testExample9">
            <failure/>
        </testcase>
        <testcase name="testExample()" classname="CobaltDog" time="4.388" id="trunk:test://com.apple.xcode/AtomicBoy/AtomicBoyUITests/CobaltDog/testExample">
        </testcase>
        <testcase name="testExample()" classname="SwiftAtomicBoyUITests" time="0.017" id="trunk:test://com.apple.xcode/AtomicBoy/AtomicBoyUITests/SwiftAtomicBoyUITests/testExample">
        </testcase>
    </testsuite>
</testsuites>
