<?xml version="1.0" encoding="UTF-8"?>
<testsuites name="xcresult: Test Plan" tests="52" failures="25" errors="0">
    <testsuite name="AtomicBoyTests.AtomicBoyTests" tests="2" disabled="0" errors="0" failures="1">
        <testcase name="testExample" time="0.019" id="cf65b69e-8979-5704-bbce-946ce00d811d">
            <failure message="AtomicBoyTests.m:32: ((false) is true) failed"/>
        </testcase>
        <testcase name="testPerformanceExample" time="0.270" id="e4cab3b6-1796-5572-887b-4222c284c61d">
        </testcase>
    </testsuite>
    <testsuite name="AtomicBoyUITests.AtomicBoyUITests" tests="48" disabled="0" errors="0" failures="24">
        <testcase name="testExample" time="3.000" id="1ed91096-7464-5fc9-965b-60a53eaf2b1b">
            <failure message="AtomicBoyUITests.m:40: ((false) is true) failed"/>
        </testcase>
        <testcase name="testExample10" time="4.000" id="e6f37645-ab20-5c02-8b93-6a27ec1d4b98">
        </testcase>
        <testcase name="testExample11" time="4.000" id="21d35df8-ece1-5b03-83dc-5b879c5b457b">
            <failure message="AtomicBoyUITests.m:120: ((false) is true) failed"/>
        </testcase>
        <testcase name="testExample12" time="4.000" id="45a803ca-c74e-58e4-9f55-a04565f8eaa4">
            <failure message="AtomicBoyUITests.m:128: ((false) is true) failed"/>
        </testcase>
        <testcase name="testExample13" time="4.000" id="7dde653b-23f6-5b7f-ad3e-5be6303b92fb">
            <failure message="AtomicBoyUITests.m:136: ((false) is true) failed"/>
        </testcase>
        <testcase name="testExample14" time="4.000" id="2d6c208a-60dd-536f-9d82-9dd394820019">
            <failure message="AtomicBoyUITests.m:144: ((false) is true) failed"/>
        </testcase>
        <testcase name="testExample15" time="4.000" id="80e6d9a1-9a9d-5cce-ace5-d5f96455a0e2">
            <failure message="AtomicBoyUITests.m:152: ((false) is true) failed"/>
        </testcase>
        <testcase name="testExample16" time="4.000" id="5fc27dee-eae9-519c-9964-d084e15b0db4">
            <failure message="AtomicBoyUITests.m:160: ((false) is true) failed"/>
        </testcase>
        <testcase name="testExample17" time="4.000" id="aad5523c-0e17-5efd-a43c-fe61a9bf3e1c">
        </testcase>
        <testcase name="testExample18" time="4.000" id="ccb42790-1deb-5cca-b13f-b85f908e3cb0">
        </testcase>
        <testcase name="testExample19" time="4.000" id="c439506a-25a7-5d84-91c4-6507396dd0b4">
            <failure message="AtomicBoyUITests.m:184: ((false) is true) failed"/>
        </testcase>
        <testcase name="testExample2" time="4.000" id="b2e15750-d3d9-5b24-a596-9a510ea41ecb">
            <failure message="AtomicBoyUITests.m:48: ((false) is true) failed"/>
        </testcase>
        <testcase name="testExample20" time="5.000" id="d5f71aee-eec4-5ff3-b0ff-a49f097ae615">
        </testcase>
        <testcase name="testExample21" time="4.000" id="5415e1ed-2e6f-5386-b986-6cbdb8a28996">
            <failure message="AtomicBoyUITests.m:200: ((false) is true) failed"/>
        </testcase>
        <testcase name="testExample22" time="4.000" id="74dd1827-86de-52c2-91f4-bb98c876acb6">
            <failure message="AtomicBoyUITests.m:208: ((false) is true) failed"/>
        </testcase>
        <testcase name="testExample23" time="4.000" id="a02d9d77-fc91-5d91-857f-5bc9793b252d">
            <failure message="AtomicBoyUITests.m:216: ((false) is true) failed"/>
        </testcase>
        <testcase name="testExample24" time="4.000" id="70c5547b-e193-52c6-a6e6-9996272e4065">
            <failure message="AtomicBoyUITests.m:224: ((false) is true) failed"/>
        </testcase>
        <testcase name="testExample25" time="4.000" id="b1c7b5d3-9d7f-5186-89a9-97992679de25">
        </testcase>
        <testcase name="testExample26" time="4.000" id="9906b351-9d75-5605-a4df-5eeb3b50ff2e">
        </testcase>
        <testcase name="testExample27" time="4.000" id="4059205f-d770-587a-941a-db8d88e6e500">
            <failure message="AtomicBoyUITests.m:248: ((false) is true) failed"/>
        </testcase>
        <testcase name="testExample28" time="4.000" id="308b74d5-3902-5776-a34d-6e515fbe44c0">
            <failure message="AtomicBoyUITests.m:256: ((false) is true) failed"/>
        </testcase>
        <testcase name="testExample29" time="5.000" id="7df7e805-c934-568a-88b5-0bcb660bd244">
            <failure message="AtomicBoyUITests.m:264: ((false) is true) failed"/>
        </testcase>
        <testcase name="testExample3" time="4.000" id="cb3c8785-f388-5c55-b1df-766e2a70c829">
        </testcase>
        <testcase name="testExample30" time="4.000" id="07b39920-6645-56bc-a377-2b91bc719a41">
            <failure message="AtomicBoyUITests.m:272: ((false) is true) failed"/>
        </testcase>
        <testcase name="testExample31" time="4.000" id="08f95238-78c4-5345-9202-531c6c54694c">
        </testcase>
        <testcase name="testExample32" time="4.000" id="4e6c2e6a-6003-5318-9e9d-e9fa74ae603e">
        </testcase>
        <testcase name="testExample33" time="4.000" id="c9b9a08a-9691-56e6-876b-9b825b29ab4f">
        </testcase>
        <testcase name="testExample34" time="4.000" id="7513c423-d4a5-5e58-8059-224e35a3ce49">
        </testcase>
        <testcase name="testExample35" time="4.000" id="ee13af60-283f-5d82-a0fc-3063cdb85687">
            <failure message="AtomicBoyUITests.m:312: ((false) is true) failed"/>
        </testcase>
        <testcase name="testExample36" time="4.000" id="456cb6b2-653a-50ad-8d73-7c9e543785ea">
        </testcase>
        <testcase name="testExample37" time="5.000" id="0995b914-2992-53db-847d-e681dfc71904">
            <failure message="AtomicBoyUITests.m:328: ((false) is true) failed"/>
        </testcase>
        <testcase name="testExample38" time="4.000" id="b3fef145-811f-597e-ad74-bf09ed25901b">
            <failure message="AtomicBoyUITests.m:336: ((false) is true) failed"/>
        </testcase>
        <testcase name="testExample39" time="4.000" id="d9e969a7-90e0-5d56-8b79-fd7e6fa690aa">
        </testcase>
        <testcase name="testExample4" time="4.000" id="f576337c-2dc2-5a5c-a8b0-bd82698f43ea">
        </testcase>
        <testcase name="testExample40" time="4.000" id="76fa961c-d27b-51e6-a82d-4ce0b9259993">
            <failure message="AtomicBoyUITests.m:352: ((false) is true) failed"/>
        </testcase>
        <testcase name="testExample41" time="4.000" id="9a82b32f-9aca-5fb2-a013-342f6f0a6540">
        </testcase>
        <testcase name="testExample42" time="4.000" id="5ad63ef2-ec09-5bd3-a814-acdae1ae6217">
        </testcase>
        <testcase name="testExample43" time="4.000" id="fccf15d6-092d-58f4-9b83-c03fec524c51">
        </testcase>
        <testcase name="testExample44" time="4.000" id="007ef314-f0c2-5a47-9843-c3144d22911b">
        </testcase>
        <testcase name="testExample45" time="4.000" id="b20f6b6e-4420-58d2-b8b2-8709ae89bd4e">
        </testcase>
        <testcase name="testExample46" time="4.000" id="702187ab-908f-53c0-a5d5-334a9ed154a0">
        </testcase>
        <testcase name="testExample47" time="4.000" id="5b8556e2-c1a0-5267-a8eb-a1878db659c0">
        </testcase>
        <testcase name="testExample48" time="5.000" id="2936851b-506f-5e61-ae38-75c95d6fbfb0">
            <failure message="AtomicBoyUITests.m:416: ((false) is true) failed"/>
        </testcase>
        <testcase name="testExample5" time="4.000" id="59ee2c4c-dac7-520d-818d-cb526924e875">
            <failure message="AtomicBoyUITests.m:72: ((false) is true) failed"/>
        </testcase>
        <testcase name="testExample6" time="4.000" id="b5fb0991-0455-555a-ab28-c301ca0bb368">
        </testcase>
        <testcase name="testExample7" time="4.000" id="4df2735d-b1ba-5ded-a92a-4ce4dd251066">
        </testcase>
        <testcase name="testExample8" time="4.000" id="2d5e4be5-d62a-5b1e-9025-11bfec490d95">
        </testcase>
        <testcase name="testExample9" time="4.000" id="9ea05503-0481-58f4-a0fa-caf9ecb7d141">
            <failure message="AtomicBoyUITests.m:104: ((false) is true) failed"/>
        </testcase>
    </testsuite>
    <testsuite name="AtomicBoyUITests.CobaltDog" tests="1" disabled="0" errors="0" failures="0">
        <testcase name="testExample()" time="4.000" id="0593cddd-7dbb-5790-ab89-2f24f71914d6">
        </testcase>
    </testsuite>
    <testsuite name="AtomicBoyUITests.SwiftAtomicBoyUITests" tests="1" disabled="0" errors="0" failures="0">
        <testcase name="testExample()" time="0.017" id="d60d11f7-2673-59ce-8ac7-2a0b3ab21f22">
        </testcase>
    </testsuite>
</testsuites>
